<?xml version="1.0" encoding="UTF-8"?>
<!DOCTYPE model SYSTEM "http://www.modeler.tslarusso.de/generator.dtd">
<model xmlns="http://www.modeler.tslarusso.de/modelerSchema"
       xmlns:xsi="http://www.w3.org/2001/XMLSchema-instance"
       xsi:schemaLocation="http://www.modeler.tslarusso.de/modeler.xsd">

	<class type="com.example.Example"/>
	<class type="com.example.model.ExampleModel"/>
	<class type="com.example.view.ExampleView"/>
	<class type="com.example.controller.ExampleController"/>

</model>